<?xml version="1.0" encoding="UTF-8"?>
<testsuite xmlns:xsi="http://www.w3.org/2001/XMLSchema-instance" xsi:noNamespaceSchemaLocation="https://maven.apache.org/surefire/maven-surefire-plugin/xsd/surefire-test-report-3.0.xsd" version="3.0" name="com.petspa.backend.BackendApplicationTests" time="6.549" tests="1" errors="0" skipped="0" failures="0">
  <properties>
[...]
</properties>
  <testcase name="contextLoads" classname="com.petspa.backend.BackendApplicationTests" time="0.351">
    <system-out><![CDATA[2024-10-03 10:02:07 INFO  o.s.t.c.s.AnnotationConfigContextLoaderUtils - Could not detect default configuration classes for test class [com.petspa.backend.BackendApplicationTests]: BackendApplicationTests does not declare any static, non-private, non-final, nested classes annotated with @Configuration.
2024-10-03 10:02:07 INFO  o.s.b.t.c.SpringBootTestContextBootstrapper - Found @SpringBootConfiguration com.petspa.backend.BackendApplication for test class com.petspa.backend.BackendApplicationTests
2024-10-03 10:02:07 INFO  o.s.b.d.r.RestartApplicationListener - Restart disabled due to context in which it is running
2024-10-03 10:02:08 INFO  o.s.d.r.c.RepositoryConfigurationDelegate - Bootstrapping Spring Data JPA repositories in DEFAULT mode.
2024-10-03 10:02:08 INFO  o.s.d.r.c.RepositoryConfigurationDelegate - Finished Spring Data repository scanning in 59 ms. Found 15 JPA repository interfaces.
2024-10-03 10:02:08 WARN  o.s.c.s.PostProcessorRegistrationDelegate$BeanPostProcessorChecker - Bean 'org.springdoc.core.configuration.SpringDocSpecPropertiesConfiguration' of type [org.springdoc.core.configuration.SpringDocSpecPropertiesConfiguration] is not eligible for getting processed by all BeanPostProcessors (for example: not eligible for auto-proxying). The currently created BeanPostProcessor [specificationStringPropertiesCustomizerBeanPostProcessor] is declared through a non-static factory method on that class; consider declaring it as static instead.
2024-10-03 10:02:08 WARN  o.s.c.s.PostProcessorRegistrationDelegate$BeanPostProcessorChecker - Bean 'org.springdoc.core.properties.SpringDocConfigProperties' of type [org.springdoc.core.properties.SpringDocConfigProperties] is not eligible for getting processed by all BeanPostProcessors (for example: not eligible for auto-proxying). Is this bean getting eagerly injected into a currently created BeanPostProcessor [specificationStringPropertiesCustomizerBeanPostProcessor]? Check the corresponding BeanPostProcessor declaration and its dependencies.
2024-10-03 10:02:09 INFO  o.s.o.j.p.SpringPersistenceUnitInfo - No LoadTimeWeaver setup: ignoring JPA class transformer
2024-10-03 10:02:10 INFO  o.s.o.j.LocalContainerEntityManagerFactoryBean - Initialized JPA EntityManagerFactory for persistence unit 'default'
2024-10-03 10:02:10 INFO  o.s.d.j.r.query.QueryEnhancerFactory - Hibernate is in classpath; If applicable, HQL parser will be used.
2024-10-03 10:02:11 INFO  o.s.s.c.a.a.c.InitializeUserDetailsBeanManagerConfigurer$InitializeUserDetailsManagerConfigurer - Global AuthenticationManager configured with UserDetailsService bean with name customUserDetailsService
2024-10-03 10:02:12 INFO  o.s.b.a.e.web.EndpointLinksResolver - Exposing 1 endpoint beneath base path '/actuator'
&amp#27;[32mServer running on &amp#27;[34mhttp://localhost:8090&amp#27;[0m
&amp#27;[32mSwagger UI: &amp#27;[34mhttp://localhost:8090/swagger-ui.html&amp#27;[0m
&amp#27;[37mPress &amp#27;[33m`ctrl + c`&amp#27;[37m to stop!&amp#27;[0m
]]></system-out>
    <system-err><![CDATA[WARNING: A Java agent has been loaded dynamically (C:\Users\Levie\.m2\repository\net\bytebuddy\byte-buddy-agent\1.14.19\byte-buddy-agent-1.14.19.jar)
WARNING: If a serviceability tool is in use, please run with -XX:+EnableDynamicAgentLoading to hide this warning
WARNING: If a serviceability tool is not in use, please run with -Djdk.instrument.traceUsage for more information
WARNING: Dynamic loading of agents will be disallowed by default in a future release
]]></system-err>
  </testcase>
</testsuite>